[2025-06-16 19:04:16] [INFO    ] discord.client: logging in using static token
[2025-06-16 19:04:17] [DEBUG   ] discord.http: GET https://discord.com/api/v10/users/@me with None has returned 200
[2025-06-16 19:04:17] [DEBUG   ] discord.http: GET /users/@me has found its initial rate limit bucket hash (78bb8553d9352a5a2f89f9def401287a).
[2025-06-16 19:04:17] [DEBUG   ] discord.http: GET https://discord.com/api/v10/users/@me has received {'id': '1383826608405614593', 'username': 'tanyafinwiz', 'avatar': None, 'discriminator': '6952', 'public_flags': 0, 'flags': 0, 'bot': True, 'banner': None, 'accent_color': None, 'global_name': None, 'avatar_decoration_data': None, 'collectibles': None, 'banner_color': None, 'clan': None, 'primary_guild': None, 'mfa_enabled': False, 'locale': 'en-US', 'premium_type': 0, 'email': None, 'verified': True, 'bio': ''}
[2025-06-16 19:04:17] [DEBUG   ] discord.http: GET https://discord.com/api/v10/oauth2/applications/@me with None has returned 200
[2025-06-16 19:04:17] [DEBUG   ] discord.http: GET /oauth2/applications/@me has found its initial rate limit bucket hash (d28a133af187e91d71d96a223467ce49).
[2025-06-16 19:04:17] [DEBUG   ] discord.http: GET https://discord.com/api/v10/oauth2/applications/@me has received {'id': '1383826608405614593', 'name': 'finwiz', 'icon': None, 'description': '', 'type': None, 'bot': {'id': '1383826608405614593', 'username': 'tanyafinwiz', 'avatar': None, 'discriminator': '6952', 'public_flags': 0, 'flags': 0, 'bot': True, 'banner': None, 'accent_color': None, 'global_name': None, 'avatar_decoration_data': None, 'collectibles': None, 'banner_color': None, 'clan': None, 'primary_guild': None}, 'summary': '', 'is_monetized': False, 'is_verified': False, 'is_discoverable': False, 'bot_public': True, 'bot_require_code_grant': False, 'install_params': {'scopes': ['applications.commands'], 'permissions': '0'}, 'integration_types_config': {'0': {'oauth2_install_params': {'scopes': ['applications.commands'], 'permissions': '0'}}, '1': {'oauth2_install_params': {'scopes': ['applications.commands'], 'permissions': '0'}}}, 'verify_key': '58a35183d247a963f48d8c48cc86833c18ff41aa8c65402e593e8bff304f7a44', 'flags': 557056, 'hook': True, 'storefront_available': False, 'redirect_uris': [], 'interactions_endpoint_url': None, 'role_connections_verification_url': None, 'owner': {'id': '751700665054789664', 'username': 'sleepyallover', 'avatar': '88940e81b630283f527d718ec9725496', 'discriminator': '0', 'public_flags': 0, 'flags': 0, 'banner': None, 'accent_color': None, 'global_name': 'sleepyallover', 'avatar_decoration_data': None, 'collectibles': None, 'banner_color': None, 'clan': None, 'primary_guild': None}, 'approximate_guild_count': 0, 'approximate_user_install_count': 0, 'approximate_user_authorization_count': 0, 'interactions_event_types': [], 'interactions_version': 1, 'explicit_content_filter': 0, 'rpc_application_state': 0, 'store_application_state': 1, 'verification_state': 1, 'integration_public': True, 'integration_require_code_grant': False, 'discoverability_state': 1, 'discovery_eligibility_flags': 224, 'monetization_state': 1, 'verification_eligibility_flags': 91036, 'monetization_eligibility_flags': 181988, 'team': None, 'internal_guild_restriction': 2, 'approved_consoles': []}
[2025-06-16 19:04:18] [DEBUG   ] discord.gateway: Created websocket connected to wss://gateway.discord.gg/
[2025-06-16 19:04:18] [DEBUG   ] discord.gateway: For Shard ID None: WebSocket Event: {'t': None, 's': None, 'op': 10, 'd': {'heartbeat_interval': 41250, '_trace': ['["gateway-prd-us-east1-d-l0dn",{"micros":0.0}]']}}
[2025-06-16 19:04:18] [DEBUG   ] discord.gateway: Shard ID None has sent the IDENTIFY payload.
[2025-06-16 19:04:18] [DEBUG   ] discord.gateway: For Shard ID None: WebSocket Event: {'t': None, 's': None, 'op': 11, 'd': None}
[2025-06-16 19:04:18] [DEBUG   ] discord.gateway: For Shard ID None: WebSocket Event: {'t': 'READY', 's': 1, 'op': 0, 'd': {'v': 10, 'user_settings': {}, 'user': {'verified': True, 'username': 'tanyafinwiz', 'primary_guild': None, 'mfa_enabled': False, 'id': '1383826608405614593', 'global_name': None, 'flags': 0, 'email': None, 'discriminator': '6952', 'clan': None, 'bot': True, 'avatar': None}, 'session_type': 'normal', 'session_id': '4cbc24f3da82febe468a4765e43209f1', 'resume_gateway_url': 'wss://gateway-us-east1-d.discord.gg', 'relationships': [], 'private_channels': [], 'presences': [], 'guilds': [{'unavailable': True, 'id': '1383833760432132279'}], 'guild_join_requests': [], 'geo_ordered_rtc_regions': ['singapore', 'hongkong', 'india', 'sydney', 'japan'], 'game_relationships': [], 'auth': {}, 'application': {'id': '1383826608405614593', 'flags': 557056}, '_trace': ['["gateway-prd-us-east1-d-l0dn",{"micros":147495,"calls":["id_created",{"micros":701,"calls":[]},"session_lookup_time",{"micros":326,"calls":[]},"session_lookup_finished",{"micros":10,"calls":[]},"discord-sessions-prd-2-180",{"micros":146105,"calls":["start_session",{"micros":111250,"calls":["discord-api-rpc-f55bfd467-kgddn",{"micros":93631,"calls":["get_user",{"micros":32161},"get_guilds",{"micros":3465},"send_scheduled_deletion_message",{"micros":29},"guild_join_requests",{"micros":547},"authorized_ip_coro",{"micros":14},"pending_payments",{"micros":1797},"apex_user_experiments",{"micros":4},"user_activities",{"micros":2},"played_application_ids",{"micros":1}]}]},"starting_guild_connect",{"micros":27,"calls":[]},"presence_started",{"micros":26687,"calls":[]},"guilds_started",{"micros":88,"calls":[]},"lobbies_started",{"micros":1,"calls":[]},"guilds_connect",{"micros":1,"calls":[]},"presence_connect",{"micros":8032,"calls":[]},"connect_finished",{"micros":8036,"calls":[]},"build_ready",{"micros":13,"calls":[]},"clean_ready",{"micros":0,"calls":[]},"optimize_ready",{"micros":1,"calls":[]},"split_ready",{"micros":0,"calls":[]}]}]}]']}}
[2025-06-16 19:04:18] [DEBUG   ] discord.client: Dispatching event socket_event_type
[2025-06-16 19:04:18] [INFO    ] discord.gateway: Shard ID None has connected to Gateway (Session ID: 4cbc24f3da82febe468a4765e43209f1).
[2025-06-16 19:04:18] [DEBUG   ] discord.client: Dispatching event connect
[2025-06-16 19:04:18] [DEBUG   ] discord.gateway: For Shard ID None: WebSocket Event: {'t': 'GUILD_CREATE', 's': 2, 'op': 0, 'd': {'preferred_locale': 'en-US', 'stickers': [], 'max_members': 500000, 'public_updates_channel_id': None, 'home_header': None, 'profile': None, 'rules_channel_id': None, 'moderator_reporting': None, 'vanity_url_code': None, 'max_stage_video_channel_users': 50, 'soundboard_sounds': [], 'members': [{'user': {'username': 'tanyafinwiz', 'public_flags': 0, 'primary_guild': None, 'id': '1383826608405614593', 'global_name': None, 'display_name': None, 'discriminator': '6952', 'collectibles': None, 'bot': True, 'avatar_decoration_data': None, 'avatar': None}, 'roles': ['1383834161923489836'], 'premium_since': None, 'pending': False, 'nick': None, 'mute': False, 'joined_at': '2025-06-15T15:42:54.674000+00:00', 'flags': 0, 'deaf': False, 'communication_disabled_until': None, 'banner': None, 'avatar': None}], 'afk_timeout': 300, 'roles': [{'version': 1750002079024, 'unicode_emoji': None, 'tags': {}, 'position': 0, 'permissions': '2248473465835073', 'name': '@everyone', 'mentionable': False, 'managed': False, 'id': '1383833760432132279', 'icon': None, 'hoist': False, 'flags': 0, 'colors': {'tertiary_color': None, 'secondary_color': None, 'primary_color': 0}, 'color': 0}, {'version': 1750004521481, 'unicode_emoji': None, 'tags': {'bot_id': '1383826608405614593'}, 'position': 2, 'permissions': '563242280021056', 'name': 'finwiz', 'mentionable': False, 'managed': True, 'id': '1383834161923489836', 'icon': None, 'hoist': False, 'flags': 0, 'colors': {'tertiary_color': None, 'secondary_color': None, 'primary_color': 0}, 'color': 0}, {'version': 1750004521867, 'unicode_emoji': None, 'tags': {}, 'position': 1, 'permissions': '0', 'name': 'engineer', 'mentionable': False, 'managed': False, 'id': '1383843892092211301', 'icon': None, 'hoist': False, 'flags': 0, 'colors': {'tertiary_color': None, 'secondary_color': None, 'primary_color': 15105570}, 'color': 15105570}], 'nsfw_level': 0, 'id': '1383833760432132279', 'premium_tier': 0, 'name': 'finwiz war_room', 'afk_channel_id': None, 'discovery_splash': None, 'threads': [], 'application_command_counts': {}, 'hub_type': None, 'description': None, 'icon': None, 'voice_states': [], 'system_channel_id': '1383833761094963202', 'premium_features': None, 'channels': [{'version': 1750002079050, 'type': 4, 'position': 0, 'permission_overwrites': [], 'name': 'Text Channels', 'id': '1383833761094963200', 'flags': 0}, {'version': 1750002079060, 'type': 4, 'position': 0, 'permission_overwrites': [], 'name': 'Voice Channels', 'id': '1383833761094963201', 'flags': 0}, {'version': 1750002079078, 'type': 0, 'topic': None, 'rate_limit_per_user': 0, 'position': 0, 'permission_overwrites': [], 'parent_id': '1383833761094963200', 'name': 'general', 'last_message_id': '1384141386491887716', 'id': '1383833761094963202', 'icon_emoji': {'name': 'ðŸ‘‹', 'id': None}, 'flags': 0}, {'version': 1750002079104, 'user_limit': 0, 'type': 2, 'rtc_region': None, 'rate_limit_per_user': 0, 'position': 0, 'permission_overwrites': [], 'parent_id': '1383833761094963201', 'name': 'General', 'last_message_id': None, 'id': '1383833761094963203', 'icon_emoji': {'name': 'ðŸŽ™', 'id': None}, 'flags': 0, 'bitrate': 64000}], 'large': False, 'nsfw': False, 'joined_at': '2025-06-15T15:42:54.674000+00:00', 'premium_subscription_count': 0, 'presences': [], 'application_id': None, 'inventory_settings': None, 'default_message_notifications': 0, 'emojis': [], 'mfa_level': 0, 'lazy': True, 'explicit_content_filter': 0, 'max_video_channel_users': 25, 'system_channel_flags': 0, 'activity_instances': [], 'safety_alerts_channel_id': None, 'stage_instances': [], 'region': 'deprecated', 'guild_scheduled_events': [], 'latest_onboarding_question_id': None, 'version': 1750004470449, 'premium_progress_bar_enabled': False, 'embedded_activities': [], 'member_count': 2, 'owner_id': '751700665054789664', 'verification_level': 0, 'features': [], 'unavailable': False, 'banner': None, 'splash': None, 'incidents_data': None}}
[2025-06-16 19:04:18] [DEBUG   ] discord.client: Dispatching event socket_event_type
[2025-06-16 19:04:18] [DEBUG   ] discord.gateway: For Shard ID None: WebSocket Event: {'t': 'GUILD_MEMBERS_CHUNK', 's': 3, 'op': 0, 'd': {'nonce': '654ef3de043fd5349107269486dd92f1', 'members': [{'user': {'username': 'sleepyallover', 'public_flags': 0, 'primary_guild': None, 'id': '751700665054789664', 'global_name': 'sleepyallover', 'display_name': 'sleepyallover', 'discriminator': '0', 'collectibles': None, 'bot': False, 'avatar_decoration_data': None, 'avatar': '88940e81b630283f527d718ec9725496'}, 'roles': ['1383843892092211301'], 'premium_since': None, 'pending': False, 'nick': None, 'mute': False, 'joined_at': '2025-06-15T15:41:18.918000+00:00', 'flags': 0, 'deaf': False, 'communication_disabled_until': None, 'banner': None, 'avatar': None}, {'user': {'username': 'tanyafinwiz', 'public_flags': 0, 'primary_guild': None, 'id': '1383826608405614593', 'global_name': None, 'display_name': None, 'discriminator': '6952', 'collectibles': None, 'bot': True, 'avatar_decoration_data': None, 'avatar': None}, 'roles': ['1383834161923489836'], 'premium_since': None, 'pending': False, 'nick': None, 'mute': False, 'joined_at': '2025-06-15T15:42:54.674000+00:00', 'flags': 0, 'deaf': False, 'communication_disabled_until': None, 'banner': None, 'avatar': None}], 'guild_id': '1383833760432132279', 'chunk_index': 0, 'chunk_count': 1}}
[2025-06-16 19:04:18] [DEBUG   ] discord.client: Dispatching event socket_event_type
[2025-06-16 19:04:18] [DEBUG   ] discord.state: Processed a chunk for 2 members in guild ID 1383833760432132279.
[2025-06-16 19:04:20] [DEBUG   ] discord.client: Dispatching event guild_available
[2025-06-16 19:04:20] [DEBUG   ] discord.client: Dispatching event ready
[2025-06-16 19:04:29] [DEBUG   ] discord.gateway: For Shard ID None: WebSocket Event: {'t': 'MESSAGE_CREATE', 's': 4, 'op': 0, 'd': {'type': 0, 'tts': False, 'timestamp': '2025-06-16T12:04:29.685000+00:00', 'pinned': False, 'nonce': '1384141579287003136', 'mentions': [], 'mention_roles': [], 'mention_everyone': False, 'member': {'roles': ['1383843892092211301'], 'premium_since': None, 'pending': False, 'nick': None, 'mute': False, 'joined_at': '2025-06-15T15:41:18.918000+00:00', 'flags': 0, 'deaf': False, 'communication_disabled_until': None, 'banner': None, 'avatar': None}, 'id': '1384141583800205372', 'flags': 0, 'embeds': [], 'edited_timestamp': None, 'content': '!hello', 'components': [], 'channel_type': 0, 'channel_id': '1383833761094963202', 'author': {'username': 'sleepyallover', 'public_flags': 0, 'primary_guild': None, 'id': '751700665054789664', 'global_name': 'sleepyallover', 'discriminator': '0', 'collectibles': None, 'clan': None, 'avatar_decoration_data': None, 'avatar': '88940e81b630283f527d718ec9725496'}, 'attachments': [], 'guild_id': '1383833760432132279'}}
[2025-06-16 19:04:29] [DEBUG   ] discord.client: Dispatching event socket_event_type
[2025-06-16 19:04:29] [DEBUG   ] discord.client: Dispatching event message
[2025-06-16 19:04:29] [DEBUG   ] discord.client: Dispatching event command
[2025-06-16 19:04:29] [DEBUG   ] discord.gateway: For Shard ID None: WebSocket Event: {'t': 'MESSAGE_CREATE', 's': 5, 'op': 0, 'd': {'type': 0, 'tts': False, 'timestamp': '2025-06-16T12:04:30.187000+00:00', 'pinned': False, 'nonce': '9227410775383834936', 'mentions': [{'username': 'sleepyallover', 'public_flags': 0, 'primary_guild': None, 'member': {'roles': ['1383843892092211301'], 'premium_since': None, 'pending': False, 'nick': None, 'mute': False, 'joined_at': '2025-06-15T15:41:18.918000+00:00', 'flags': 0, 'deaf': False, 'communication_disabled_until': None, 'banner': None, 'avatar': None}, 'id': '751700665054789664', 'global_name': 'sleepyallover', 'discriminator': '0', 'collectibles': None, 'clan': None, 'avatar_decoration_data': None, 'avatar': '88940e81b630283f527d718ec9725496'}], 'mention_roles': [], 'mention_everyone': False, 'member': {'roles': ['1383834161923489836'], 'premium_since': None, 'pending': False, 'nick': None, 'mute': False, 'joined_at': '2025-06-15T15:42:54.674000+00:00', 'flags': 0, 'deaf': False, 'communication_disabled_until': None, 'banner': None, 'avatar': None}, 'id': '1384141585905619036', 'flags': 0, 'embeds': [], 'edited_timestamp': None, 'content': 'Hello <@751700665054789664>!', 'components': [], 'channel_type': 0, 'channel_id': '1383833761094963202', 'author': {'username': 'tanyafinwiz', 'public_flags': 0, 'primary_guild': None, 'id': '1383826608405614593', 'global_name': None, 'discriminator': '6952', 'collectibles': None, 'clan': None, 'bot': True, 'avatar_decoration_data': None, 'avatar': None}, 'attachments': [], 'guild_id': '1383833760432132279'}}
[2025-06-16 19:04:29] [DEBUG   ] discord.client: Dispatching event socket_event_type
[2025-06-16 19:04:29] [DEBUG   ] discord.client: Dispatching event message
[2025-06-16 19:04:29] [DEBUG   ] discord.http: POST https://discord.com/api/v10/channels/1383833761094963202/messages with {"content":"Hello <@751700665054789664>!","components":[],"nonce":"9227410775383834936","enforce_nonce":true,"tts":false} has returned 200
[2025-06-16 19:04:29] [DEBUG   ] discord.http: POST /channels/{channel_id}/messages has found its initial rate limit bucket hash (3df15bae86f6647dd4dfcbd5c6949480).
[2025-06-16 19:04:29] [DEBUG   ] discord.http: POST https://discord.com/api/v10/channels/1383833761094963202/messages has received {'type': 0, 'content': 'Hello <@751700665054789664>!', 'mentions': [{'id': '751700665054789664', 'username': 'sleepyallover', 'avatar': '88940e81b630283f527d718ec9725496', 'discriminator': '0', 'public_flags': 0, 'flags': 0, 'banner': None, 'accent_color': None, 'global_name': 'sleepyallover', 'avatar_decoration_data': None, 'collectibles': None, 'banner_color': None, 'clan': None, 'primary_guild': None}], 'mention_roles': [], 'attachments': [], 'embeds': [], 'timestamp': '2025-06-16T12:04:30.187000+00:00', 'edited_timestamp': None, 'flags': 0, 'components': [], 'id': '1384141585905619036', 'channel_id': '1383833761094963202', 'author': {'id': '1383826608405614593', 'username': 'tanyafinwiz', 'avatar': None, 'discriminator': '6952', 'public_flags': 0, 'flags': 0, 'bot': True, 'banner': None, 'accent_color': None, 'global_name': None, 'avatar_decoration_data': None, 'collectibles': None, 'banner_color': None, 'clan': None, 'primary_guild': None}, 'pinned': False, 'mention_everyone': False, 'tts': False, 'nonce': '9227410775383834936'}
[2025-06-16 19:04:29] [DEBUG   ] discord.client: Dispatching event command_completion
[2025-06-16 19:04:35] [DEBUG   ] discord.gateway: For Shard ID None: WebSocket Event: {'t': 'MESSAGE_CREATE', 's': 6, 'op': 0, 'd': {'type': 0, 'tts': False, 'timestamp': '2025-06-16T12:04:36.594000+00:00', 'pinned': False, 'nonce': '1384141608139620352', 'mentions': [], 'mention_roles': [], 'mention_everyone': False, 'member': {'roles': ['1383843892092211301'], 'premium_since': None, 'pending': False, 'nick': None, 'mute': False, 'joined_at': '2025-06-15T15:41:18.918000+00:00', 'flags': 0, 'deaf': False, 'communication_disabled_until': None, 'banner': None, 'avatar': None}, 'id': '1384141612778655764', 'flags': 0, 'embeds': [], 'edited_timestamp': None, 'content': "I'm thinking of investing in idx stocks, particularly BBRI and BBCA", 'components': [], 'channel_type': 0, 'channel_id': '1383833761094963202', 'author': {'username': 'sleepyallover', 'public_flags': 0, 'primary_guild': None, 'id': '751700665054789664', 'global_name': 'sleepyallover', 'discriminator': '0', 'collectibles': None, 'clan': None, 'avatar_decoration_data': None, 'avatar': '88940e81b630283f527d718ec9725496'}, 'attachments': [], 'guild_id': '1383833760432132279'}}
[2025-06-16 19:04:35] [DEBUG   ] discord.client: Dispatching event socket_event_type
[2025-06-16 19:04:35] [DEBUG   ] discord.client: Dispatching event message
[2025-06-16 19:04:40] [DEBUG   ] discord.gateway: For Shard ID None: WebSocket Event: {'t': 'TYPING_START', 's': 7, 'op': 0, 'd': {'user_id': '751700665054789664', 'timestamp': 1750075481, 'member': {'user': {'username': 'sleepyallover', 'public_flags': 0, 'primary_guild': None, 'id': '751700665054789664', 'global_name': 'sleepyallover', 'display_name': 'sleepyallover', 'discriminator': '0', 'collectibles': None, 'bot': False, 'avatar_decoration_data': None, 'avatar': '88940e81b630283f527d718ec9725496'}, 'roles': ['1383843892092211301'], 'premium_since': None, 'pending': False, 'nick': None, 'mute': False, 'joined_at': '2025-06-15T15:41:18.918000+00:00', 'flags': 0, 'deaf': False, 'communication_disabled_until': None, 'banner': None, 'avatar': None}, 'channel_id': '1383833761094963202', 'guild_id': '1383833760432132279'}}
[2025-06-16 19:04:40] [DEBUG   ] discord.client: Dispatching event socket_event_type
[2025-06-16 19:04:40] [DEBUG   ] discord.client: Dispatching event typing
[2025-06-16 19:04:40] [DEBUG   ] discord.client: Dispatching event raw_typing
[2025-06-16 19:04:44] [DEBUG   ] discord.gateway: For Shard ID None: WebSocket Event: {'t': 'MESSAGE_CREATE', 's': 8, 'op': 0, 'd': {'type': 0, 'tts': False, 'timestamp': '2025-06-16T12:04:45.410000+00:00', 'pinned': False, 'nonce': '1384141645418594304', 'mentions': [{'username': 'tanyafinwiz', 'public_flags': 0, 'primary_guild': None, 'member': {'roles': ['1383834161923489836'], 'premium_since': None, 'pending': False, 'nick': None, 'mute': False, 'joined_at': '2025-06-15T15:42:54.674000+00:00', 'flags': 0, 'deaf': False, 'communication_disabled_until': None, 'banner': None, 'avatar': None}, 'id': '1383826608405614593', 'global_name': None, 'discriminator': '6952', 'collectibles': None, 'clan': None, 'bot': True, 'avatar_decoration_data': None, 'avatar': None}], 'mention_roles': [], 'mention_everyone': False, 'member': {'roles': ['1383843892092211301'], 'premium_since': None, 'pending': False, 'nick': None, 'mute': False, 'joined_at': '2025-06-15T15:41:18.918000+00:00', 'flags': 0, 'deaf': False, 'communication_disabled_until': None, 'banner': None, 'avatar': None}, 'id': '1384141649755766785', 'flags': 0, 'embeds': [], 'edited_timestamp': None, 'content': "do you thing it's a good investment <@1383826608405614593>  ?", 'components': [], 'channel_type': 0, 'channel_id': '1383833761094963202', 'author': {'username': 'sleepyallover', 'public_flags': 0, 'primary_guild': None, 'id': '751700665054789664', 'global_name': 'sleepyallover', 'discriminator': '0', 'collectibles': None, 'clan': None, 'avatar_decoration_data': None, 'avatar': '88940e81b630283f527d718ec9725496'}, 'attachments': [], 'guild_id': '1383833760432132279'}}
[2025-06-16 19:04:44] [DEBUG   ] discord.client: Dispatching event socket_event_type
[2025-06-16 19:04:44] [DEBUG   ] discord.client: Dispatching event message
[2025-06-16 19:04:45] [DEBUG   ] discord.gateway: For Shard ID None: WebSocket Event: {'t': 'TYPING_START', 's': 9, 'op': 0, 'd': {'user_id': '1383826608405614593', 'timestamp': 1750075485, 'member': {'user': {'username': 'tanyafinwiz', 'public_flags': 0, 'primary_guild': None, 'id': '1383826608405614593', 'global_name': None, 'display_name': None, 'discriminator': '6952', 'collectibles': None, 'bot': True, 'avatar_decoration_data': None, 'avatar': None}, 'roles': ['1383834161923489836'], 'premium_since': None, 'pending': False, 'nick': None, 'mute': False, 'joined_at': '2025-06-15T15:42:54.674000+00:00', 'flags': 0, 'deaf': False, 'communication_disabled_until': None, 'banner': None, 'avatar': None}, 'channel_id': '1383833761094963202', 'guild_id': '1383833760432132279'}}
[2025-06-16 19:04:45] [DEBUG   ] discord.client: Dispatching event socket_event_type
[2025-06-16 19:04:45] [DEBUG   ] discord.client: Dispatching event typing
[2025-06-16 19:04:45] [DEBUG   ] discord.client: Dispatching event raw_typing
[2025-06-16 19:04:45] [DEBUG   ] discord.http: POST https://discord.com/api/v10/channels/1383833761094963202/typing with None has returned 204
[2025-06-16 19:04:45] [DEBUG   ] discord.http: POST /channels/{channel_id}/typing has found its initial rate limit bucket hash (b3c972d7573fa7e2caf7f22fae7caacb).
[2025-06-16 19:04:45] [DEBUG   ] discord.http: POST https://discord.com/api/v10/channels/1383833761094963202/typing has received 
[2025-06-16 19:04:48] [DEBUG   ] discord.gateway: For Shard ID None: WebSocket Event: {'t': 'MESSAGE_CREATE', 's': 10, 'op': 0, 'd': {'type': 19, 'tts': False, 'timestamp': '2025-06-16T12:04:49.573000+00:00', 'referenced_message': {'type': 0, 'tts': False, 'timestamp': '2025-06-16T12:04:45.410000+00:00', 'pinned': False, 'mentions': [{'username': 'tanyafinwiz', 'public_flags': 0, 'primary_guild': None, 'id': '1383826608405614593', 'global_name': None, 'discriminator': '6952', 'collectibles': None, 'clan': None, 'bot': True, 'avatar_decoration_data': None, 'avatar': None}], 'mention_roles': [], 'mention_everyone': False, 'id': '1384141649755766785', 'flags': 0, 'embeds': [], 'edited_timestamp': None, 'content': "do you thing it's a good investment <@1383826608405614593>  ?", 'components': [], 'channel_id': '1383833761094963202', 'author': {'username': 'sleepyallover', 'public_flags': 0, 'primary_guild': None, 'id': '751700665054789664', 'global_name': 'sleepyallover', 'discriminator': '0', 'collectibles': None, 'clan': None, 'avatar_decoration_data': None, 'avatar': '88940e81b630283f527d718ec9725496'}, 'attachments': []}, 'pinned': False, 'nonce': '6889515518516562607', 'message_reference': {'type': 0, 'message_id': '1384141649755766785', 'guild_id': '1383833760432132279', 'channel_id': '1383833761094963202'}, 'mentions': [{'username': 'sleepyallover', 'public_flags': 0, 'primary_guild': None, 'member': {'roles': ['1383843892092211301'], 'premium_since': None, 'pending': False, 'nick': None, 'mute': False, 'joined_at': '2025-06-15T15:41:18.918000+00:00', 'flags': 0, 'deaf': False, 'communication_disabled_until': None, 'banner': None, 'avatar': None}, 'id': '751700665054789664', 'global_name': 'sleepyallover', 'discriminator': '0', 'collectibles': None, 'clan': None, 'avatar_decoration_data': None, 'avatar': '88940e81b630283f527d718ec9725496'}], 'mention_roles': [], 'mention_everyone': False, 'member': {'roles': ['1383834161923489836'], 'premium_since': None, 'pending': False, 'nick': None, 'mute': False, 'joined_at': '2025-06-15T15:42:54.674000+00:00', 'flags': 0, 'deaf': False, 'communication_disabled_until': None, 'banner': None, 'avatar': None}, 'id': '1384141667216654386', 'flags': 0, 'embeds': [], 'edited_timestamp': None, 'content': "I don't provide personal opinions or investment advice. However, when considering investments in stocks like BBRI (Bank Rakyat Indonesia) and BBCA (Bank Central Asia), it's important to conduct thorough research. Look into the companies' financial health, market conditions, and industry trends. \n\nAdditionally, consider diversifying your portfolio to mitigate risks, as investing in individual stocks can be volatile. Always be aware of the risks associated with stock investments, including market fluctuations and potential losses. For more detailed analysis, you might want to consult financial news sources or a financial advisor.", 'components': [], 'channel_type': 0, 'channel_id': '1383833761094963202', 'author': {'username': 'tanyafinwiz', 'public_flags': 0, 'primary_guild': None, 'id': '1383826608405614593', 'global_name': None, 'discriminator': '6952', 'collectibles': None, 'clan': None, 'bot': True, 'avatar_decoration_data': None, 'avatar': None}, 'attachments': [], 'guild_id': '1383833760432132279'}}
[2025-06-16 19:04:48] [DEBUG   ] discord.client: Dispatching event socket_event_type
[2025-06-16 19:04:48] [DEBUG   ] discord.client: Dispatching event message
[2025-06-16 19:04:48] [DEBUG   ] discord.http: POST https://discord.com/api/v10/channels/1383833761094963202/messages with {"content":"I don't provide personal opinions or investment advice. However, when considering investments in stocks like BBRI (Bank Rakyat Indonesia) and BBCA (Bank Central Asia), it's important to conduct thorough research. Look into the companies' financial health, market conditions, and industry trends. \n\nAdditionally, consider diversifying your portfolio to mitigate risks, as investing in individual stocks can be volatile. Always be aware of the risks associated with stock investments, including market fluctuations and potential losses. For more detailed analysis, you might want to consult financial news sources or a financial advisor.","components":[],"nonce":"6889515518516562607","enforce_nonce":true,"message_reference":{"message_id":1384141649755766785,"channel_id":1383833761094963202,"guild_id":1383833760432132279},"tts":false} has returned 200
[2025-06-16 19:04:48] [DEBUG   ] discord.http: POST https://discord.com/api/v10/channels/1383833761094963202/messages has received {'type': 19, 'content': "I don't provide personal opinions or investment advice. However, when considering investments in stocks like BBRI (Bank Rakyat Indonesia) and BBCA (Bank Central Asia), it's important to conduct thorough research. Look into the companies' financial health, market conditions, and industry trends. \n\nAdditionally, consider diversifying your portfolio to mitigate risks, as investing in individual stocks can be volatile. Always be aware of the risks associated with stock investments, including market fluctuations and potential losses. For more detailed analysis, you might want to consult financial news sources or a financial advisor.", 'mentions': [{'id': '751700665054789664', 'username': 'sleepyallover', 'avatar': '88940e81b630283f527d718ec9725496', 'discriminator': '0', 'public_flags': 0, 'flags': 0, 'banner': None, 'accent_color': None, 'global_name': 'sleepyallover', 'avatar_decoration_data': None, 'collectibles': None, 'banner_color': None, 'clan': None, 'primary_guild': None}], 'mention_roles': [], 'attachments': [], 'embeds': [], 'timestamp': '2025-06-16T12:04:49.573000+00:00', 'edited_timestamp': None, 'flags': 0, 'components': [], 'id': '1384141667216654386', 'channel_id': '1383833761094963202', 'author': {'id': '1383826608405614593', 'username': 'tanyafinwiz', 'avatar': None, 'discriminator': '6952', 'public_flags': 0, 'flags': 0, 'bot': True, 'banner': None, 'accent_color': None, 'global_name': None, 'avatar_decoration_data': None, 'collectibles': None, 'banner_color': None, 'clan': None, 'primary_guild': None}, 'pinned': False, 'mention_everyone': False, 'tts': False, 'nonce': '6889515518516562607', 'message_reference': {'type': 0, 'channel_id': '1383833761094963202', 'message_id': '1384141649755766785', 'guild_id': '1383833760432132279'}, 'referenced_message': {'type': 0, 'content': "do you thing it's a good investment <@1383826608405614593>  ?", 'mentions': [{'id': '1383826608405614593', 'username': 'tanyafinwiz', 'avatar': None, 'discriminator': '6952', 'public_flags': 0, 'flags': 0, 'bot': True, 'banner': None, 'accent_color': None, 'global_name': None, 'avatar_decoration_data': None, 'collectibles': None, 'banner_color': None, 'clan': None, 'primary_guild': None}], 'mention_roles': [], 'attachments': [], 'embeds': [], 'timestamp': '2025-06-16T12:04:45.410000+00:00', 'edited_timestamp': None, 'flags': 0, 'components': [], 'id': '1384141649755766785', 'channel_id': '1383833761094963202', 'author': {'id': '751700665054789664', 'username': 'sleepyallover', 'avatar': '88940e81b630283f527d718ec9725496', 'discriminator': '0', 'public_flags': 0, 'flags': 0, 'banner': None, 'accent_color': None, 'global_name': 'sleepyallover', 'avatar_decoration_data': None, 'collectibles': None, 'banner_color': None, 'clan': None, 'primary_guild': None}, 'pinned': False, 'mention_everyone': False, 'tts': False}}
[2025-06-16 19:04:59] [DEBUG   ] discord.gateway: Keeping shard ID None websocket alive with sequence 10.
[2025-06-16 19:04:59] [DEBUG   ] discord.gateway: For Shard ID None: WebSocket Event: {'t': None, 's': None, 'op': 11, 'd': None}
[2025-06-16 19:05:04] [DEBUG   ] discord.gateway: For Shard ID None: WebSocket Event: {'t': 'TYPING_START', 's': 11, 'op': 0, 'd': {'user_id': '751700665054789664', 'timestamp': 1750075505, 'member': {'user': {'username': 'sleepyallover', 'public_flags': 0, 'primary_guild': None, 'id': '751700665054789664', 'global_name': 'sleepyallover', 'display_name': 'sleepyallover', 'discriminator': '0', 'collectibles': None, 'bot': False, 'avatar_decoration_data': None, 'avatar': '88940e81b630283f527d718ec9725496'}, 'roles': ['1383843892092211301'], 'premium_since': None, 'pending': False, 'nick': None, 'mute': False, 'joined_at': '2025-06-15T15:41:18.918000+00:00', 'flags': 0, 'deaf': False, 'communication_disabled_until': None, 'banner': None, 'avatar': None}, 'channel_id': '1383833761094963202', 'guild_id': '1383833760432132279'}}
[2025-06-16 19:05:04] [DEBUG   ] discord.client: Dispatching event socket_event_type
[2025-06-16 19:05:04] [DEBUG   ] discord.client: Dispatching event typing
[2025-06-16 19:05:04] [DEBUG   ] discord.client: Dispatching event raw_typing
[2025-06-16 19:05:12] [DEBUG   ] discord.gateway: For Shard ID None: WebSocket Event: {'t': 'TYPING_START', 's': 12, 'op': 0, 'd': {'user_id': '751700665054789664', 'timestamp': 1750075513, 'member': {'user': {'username': 'sleepyallover', 'public_flags': 0, 'primary_guild': None, 'id': '751700665054789664', 'global_name': 'sleepyallover', 'display_name': 'sleepyallover', 'discriminator': '0', 'collectibles': None, 'bot': False, 'avatar_decoration_data': None, 'avatar': '88940e81b630283f527d718ec9725496'}, 'roles': ['1383843892092211301'], 'premium_since': None, 'pending': False, 'nick': None, 'mute': False, 'joined_at': '2025-06-15T15:41:18.918000+00:00', 'flags': 0, 'deaf': False, 'communication_disabled_until': None, 'banner': None, 'avatar': None}, 'channel_id': '1383833761094963202', 'guild_id': '1383833760432132279'}}
[2025-06-16 19:05:12] [DEBUG   ] discord.client: Dispatching event socket_event_type
[2025-06-16 19:05:12] [DEBUG   ] discord.client: Dispatching event typing
[2025-06-16 19:05:12] [DEBUG   ] discord.client: Dispatching event raw_typing
[2025-06-16 19:05:20] [DEBUG   ] discord.gateway: For Shard ID None: WebSocket Event: {'t': 'TYPING_START', 's': 13, 'op': 0, 'd': {'user_id': '751700665054789664', 'timestamp': 1750075521, 'member': {'user': {'username': 'sleepyallover', 'public_flags': 0, 'primary_guild': None, 'id': '751700665054789664', 'global_name': 'sleepyallover', 'display_name': 'sleepyallover', 'discriminator': '0', 'collectibles': None, 'bot': False, 'avatar_decoration_data': None, 'avatar': '88940e81b630283f527d718ec9725496'}, 'roles': ['1383843892092211301'], 'premium_since': None, 'pending': False, 'nick': None, 'mute': False, 'joined_at': '2025-06-15T15:41:18.918000+00:00', 'flags': 0, 'deaf': False, 'communication_disabled_until': None, 'banner': None, 'avatar': None}, 'channel_id': '1383833761094963202', 'guild_id': '1383833760432132279'}}
[2025-06-16 19:05:20] [DEBUG   ] discord.client: Dispatching event socket_event_type
[2025-06-16 19:05:20] [DEBUG   ] discord.client: Dispatching event typing
[2025-06-16 19:05:20] [DEBUG   ] discord.client: Dispatching event raw_typing
[2025-06-16 19:05:28] [DEBUG   ] discord.gateway: For Shard ID None: WebSocket Event: {'t': 'MESSAGE_CREATE', 's': 14, 'op': 0, 'd': {'type': 0, 'tts': False, 'timestamp': '2025-06-16T12:05:29.008000+00:00', 'pinned': False, 'nonce': '1384141828332191744', 'mentions': [], 'mention_roles': [], 'mention_everyone': False, 'member': {'roles': ['1383843892092211301'], 'premium_since': None, 'pending': False, 'nick': None, 'mute': False, 'joined_at': '2025-06-15T15:41:18.918000+00:00', 'flags': 0, 'deaf': False, 'communication_disabled_until': None, 'banner': None, 'avatar': None}, 'id': '1384141832618774589', 'flags': 0, 'embeds': [], 'edited_timestamp': None, 'content': 'some people on twitter said that the only way to get profitable in stocks is to buy low and sell high', 'components': [], 'channel_type': 0, 'channel_id': '1383833761094963202', 'author': {'username': 'sleepyallover', 'public_flags': 0, 'primary_guild': None, 'id': '751700665054789664', 'global_name': 'sleepyallover', 'discriminator': '0', 'collectibles': None, 'clan': None, 'avatar_decoration_data': None, 'avatar': '88940e81b630283f527d718ec9725496'}, 'attachments': [], 'guild_id': '1383833760432132279'}}
[2025-06-16 19:05:28] [DEBUG   ] discord.client: Dispatching event socket_event_type
[2025-06-16 19:05:28] [DEBUG   ] discord.client: Dispatching event message
[2025-06-16 19:05:30] [DEBUG   ] discord.gateway: For Shard ID None: WebSocket Event: {'t': 'TYPING_START', 's': 15, 'op': 0, 'd': {'user_id': '751700665054789664', 'timestamp': 1750075531, 'member': {'user': {'username': 'sleepyallover', 'public_flags': 0, 'primary_guild': None, 'id': '751700665054789664', 'global_name': 'sleepyallover', 'display_name': 'sleepyallover', 'discriminator': '0', 'collectibles': None, 'bot': False, 'avatar_decoration_data': None, 'avatar': '88940e81b630283f527d718ec9725496'}, 'roles': ['1383843892092211301'], 'premium_since': None, 'pending': False, 'nick': None, 'mute': False, 'joined_at': '2025-06-15T15:41:18.918000+00:00', 'flags': 0, 'deaf': False, 'communication_disabled_until': None, 'banner': None, 'avatar': None}, 'channel_id': '1383833761094963202', 'guild_id': '1383833760432132279'}}
[2025-06-16 19:05:30] [DEBUG   ] discord.client: Dispatching event socket_event_type
[2025-06-16 19:05:30] [DEBUG   ] discord.client: Dispatching event typing
[2025-06-16 19:05:30] [DEBUG   ] discord.client: Dispatching event raw_typing
[2025-06-16 19:05:38] [DEBUG   ] discord.gateway: For Shard ID None: WebSocket Event: {'t': 'TYPING_START', 's': 16, 'op': 0, 'd': {'user_id': '751700665054789664', 'timestamp': 1750075539, 'member': {'user': {'username': 'sleepyallover', 'public_flags': 0, 'primary_guild': None, 'id': '751700665054789664', 'global_name': 'sleepyallover', 'display_name': 'sleepyallover', 'discriminator': '0', 'collectibles': None, 'bot': False, 'avatar_decoration_data': None, 'avatar': '88940e81b630283f527d718ec9725496'}, 'roles': ['1383843892092211301'], 'premium_since': None, 'pending': False, 'nick': None, 'mute': False, 'joined_at': '2025-06-15T15:41:18.918000+00:00', 'flags': 0, 'deaf': False, 'communication_disabled_until': None, 'banner': None, 'avatar': None}, 'channel_id': '1383833761094963202', 'guild_id': '1383833760432132279'}}
[2025-06-16 19:05:38] [DEBUG   ] discord.client: Dispatching event socket_event_type
[2025-06-16 19:05:38] [DEBUG   ] discord.client: Dispatching event typing
[2025-06-16 19:05:38] [DEBUG   ] discord.client: Dispatching event raw_typing
[2025-06-16 19:05:40] [DEBUG   ] discord.gateway: Keeping shard ID None websocket alive with sequence 16.
[2025-06-16 19:05:40] [DEBUG   ] discord.gateway: For Shard ID None: WebSocket Event: {'t': None, 's': None, 'op': 11, 'd': None}
[2025-06-16 19:05:45] [DEBUG   ] discord.gateway: For Shard ID None: WebSocket Event: {'t': 'MESSAGE_CREATE', 's': 17, 'op': 0, 'd': {'type': 0, 'tts': False, 'timestamp': '2025-06-16T12:05:46.057000+00:00', 'pinned': False, 'nonce': '1384141899354341376', 'mentions': [], 'mention_roles': [], 'mention_everyone': False, 'member': {'roles': ['1383843892092211301'], 'premium_since': None, 'pending': False, 'nick': None, 'mute': False, 'joined_at': '2025-06-15T15:41:18.918000+00:00', 'flags': 0, 'deaf': False, 'communication_disabled_until': None, 'banner': None, 'avatar': None}, 'id': '1384141904127459369', 'flags': 0, 'embeds': [], 'edited_timestamp': None, 'content': 'so he said that stochastic slow golden cross would always be the best choice', 'components': [], 'channel_type': 0, 'channel_id': '1383833761094963202', 'author': {'username': 'sleepyallover', 'public_flags': 0, 'primary_guild': None, 'id': '751700665054789664', 'global_name': 'sleepyallover', 'discriminator': '0', 'collectibles': None, 'clan': None, 'avatar_decoration_data': None, 'avatar': '88940e81b630283f527d718ec9725496'}, 'attachments': [], 'guild_id': '1383833760432132279'}}
[2025-06-16 19:05:45] [DEBUG   ] discord.client: Dispatching event socket_event_type
[2025-06-16 19:05:45] [DEBUG   ] discord.client: Dispatching event message
[2025-06-16 19:05:48] [DEBUG   ] discord.gateway: For Shard ID None: WebSocket Event: {'t': 'TYPING_START', 's': 18, 'op': 0, 'd': {'user_id': '751700665054789664', 'timestamp': 1750075548, 'member': {'user': {'username': 'sleepyallover', 'public_flags': 0, 'primary_guild': None, 'id': '751700665054789664', 'global_name': 'sleepyallover', 'display_name': 'sleepyallover', 'discriminator': '0', 'collectibles': None, 'bot': False, 'avatar_decoration_data': None, 'avatar': '88940e81b630283f527d718ec9725496'}, 'roles': ['1383843892092211301'], 'premium_since': None, 'pending': False, 'nick': None, 'mute': False, 'joined_at': '2025-06-15T15:41:18.918000+00:00', 'flags': 0, 'deaf': False, 'communication_disabled_until': None, 'banner': None, 'avatar': None}, 'channel_id': '1383833761094963202', 'guild_id': '1383833760432132279'}}
[2025-06-16 19:05:48] [DEBUG   ] discord.client: Dispatching event socket_event_type
[2025-06-16 19:05:48] [DEBUG   ] discord.client: Dispatching event typing
[2025-06-16 19:05:48] [DEBUG   ] discord.client: Dispatching event raw_typing
[2025-06-16 19:05:52] [DEBUG   ] discord.gateway: For Shard ID None: WebSocket Event: {'t': 'MESSAGE_CREATE', 's': 19, 'op': 0, 'd': {'type': 0, 'tts': False, 'timestamp': '2025-06-16T12:05:53.175000+00:00', 'pinned': False, 'nonce': '1384141929037430784', 'mentions': [{'username': 'tanyafinwiz', 'public_flags': 0, 'primary_guild': None, 'member': {'roles': ['1383834161923489836'], 'premium_since': None, 'pending': False, 'nick': None, 'mute': False, 'joined_at': '2025-06-15T15:42:54.674000+00:00', 'flags': 0, 'deaf': False, 'communication_disabled_until': None, 'banner': None, 'avatar': None}, 'id': '1383826608405614593', 'global_name': None, 'discriminator': '6952', 'collectibles': None, 'clan': None, 'bot': True, 'avatar_decoration_data': None, 'avatar': None}], 'mention_roles': [], 'mention_everyone': False, 'member': {'roles': ['1383843892092211301'], 'premium_since': None, 'pending': False, 'nick': None, 'mute': False, 'joined_at': '2025-06-15T15:41:18.918000+00:00', 'flags': 0, 'deaf': False, 'communication_disabled_until': None, 'banner': None, 'avatar': None}, 'id': '1384141933982519296', 'flags': 0, 'embeds': [], 'edited_timestamp': None, 'content': 'is that true <@1383826608405614593> ?', 'components': [], 'channel_type': 0, 'channel_id': '1383833761094963202', 'author': {'username': 'sleepyallover', 'public_flags': 0, 'primary_guild': None, 'id': '751700665054789664', 'global_name': 'sleepyallover', 'discriminator': '0', 'collectibles': None, 'clan': None, 'avatar_decoration_data': None, 'avatar': '88940e81b630283f527d718ec9725496'}, 'attachments': [], 'guild_id': '1383833760432132279'}}
[2025-06-16 19:05:52] [DEBUG   ] discord.client: Dispatching event socket_event_type
[2025-06-16 19:05:52] [DEBUG   ] discord.client: Dispatching event message
[2025-06-16 19:05:52] [DEBUG   ] discord.gateway: For Shard ID None: WebSocket Event: {'t': 'TYPING_START', 's': 20, 'op': 0, 'd': {'user_id': '1383826608405614593', 'timestamp': 1750075553, 'member': {'user': {'username': 'tanyafinwiz', 'public_flags': 0, 'primary_guild': None, 'id': '1383826608405614593', 'global_name': None, 'display_name': None, 'discriminator': '6952', 'collectibles': None, 'bot': True, 'avatar_decoration_data': None, 'avatar': None}, 'roles': ['1383834161923489836'], 'premium_since': None, 'pending': False, 'nick': None, 'mute': False, 'joined_at': '2025-06-15T15:42:54.674000+00:00', 'flags': 0, 'deaf': False, 'communication_disabled_until': None, 'banner': None, 'avatar': None}, 'channel_id': '1383833761094963202', 'guild_id': '1383833760432132279'}}
[2025-06-16 19:05:52] [DEBUG   ] discord.client: Dispatching event socket_event_type
[2025-06-16 19:05:52] [DEBUG   ] discord.client: Dispatching event typing
[2025-06-16 19:05:52] [DEBUG   ] discord.client: Dispatching event raw_typing
[2025-06-16 19:05:52] [DEBUG   ] discord.http: POST https://discord.com/api/v10/channels/1383833761094963202/typing with None has returned 204
[2025-06-16 19:05:52] [DEBUG   ] discord.http: POST https://discord.com/api/v10/channels/1383833761094963202/typing has received 
[2025-06-16 19:05:57] [DEBUG   ] discord.gateway: For Shard ID None: WebSocket Event: {'t': 'MESSAGE_CREATE', 's': 21, 'op': 0, 'd': {'type': 19, 'tts': False, 'timestamp': '2025-06-16T12:05:57.799000+00:00', 'referenced_message': {'type': 0, 'tts': False, 'timestamp': '2025-06-16T12:05:53.175000+00:00', 'pinned': False, 'mentions': [{'username': 'tanyafinwiz', 'public_flags': 0, 'primary_guild': None, 'id': '1383826608405614593', 'global_name': None, 'discriminator': '6952', 'collectibles': None, 'clan': None, 'bot': True, 'avatar_decoration_data': None, 'avatar': None}], 'mention_roles': [], 'mention_everyone': False, 'id': '1384141933982519296', 'flags': 0, 'embeds': [], 'edited_timestamp': None, 'content': 'is that true <@1383826608405614593> ?', 'components': [], 'channel_id': '1383833761094963202', 'author': {'username': 'sleepyallover', 'public_flags': 0, 'primary_guild': None, 'id': '751700665054789664', 'global_name': 'sleepyallover', 'discriminator': '0', 'collectibles': None, 'clan': None, 'avatar_decoration_data': None, 'avatar': '88940e81b630283f527d718ec9725496'}, 'attachments': []}, 'pinned': False, 'nonce': '10754704128217027687', 'message_reference': {'type': 0, 'message_id': '1384141933982519296', 'guild_id': '1383833760432132279', 'channel_id': '1383833761094963202'}, 'mentions': [{'username': 'sleepyallover', 'public_flags': 0, 'primary_guild': None, 'member': {'roles': ['1383843892092211301'], 'premium_since': None, 'pending': False, 'nick': None, 'mute': False, 'joined_at': '2025-06-15T15:41:18.918000+00:00', 'flags': 0, 'deaf': False, 'communication_disabled_until': None, 'banner': None, 'avatar': None}, 'id': '751700665054789664', 'global_name': 'sleepyallover', 'discriminator': '0', 'collectibles': None, 'clan': None, 'avatar_decoration_data': None, 'avatar': '88940e81b630283f527d718ec9725496'}], 'mention_roles': [], 'mention_everyone': False, 'member': {'roles': ['1383834161923489836'], 'premium_since': None, 'pending': False, 'nick': None, 'mute': False, 'joined_at': '2025-06-15T15:42:54.674000+00:00', 'flags': 0, 'deaf': False, 'communication_disabled_until': None, 'banner': None, 'avatar': None}, 'id': '1384141953376981032', 'flags': 0, 'embeds': [], 'edited_timestamp': None, 'content': 'Investing in stocks like BBRI and BBCA can be a viable option, but whether it\'s a good investment depends on various factors, including your financial goals, risk tolerance, and market conditions. \n\nThe concept of "buy low and sell high" is a fundamental principle of investing, but it\'s important to note that timing the market can be very challenging. The stochastic slow golden cross is a technical analysis indicator that some traders use to identify potential buy signals, but it is not foolproof and carries risks.\n\nBefore making any investment decisions, it\'s advisable to conduct thorough research, consider diversifying your portfolio, and possibly consult with a financial advisor. Remember that all investments carry risks, including the loss of principal.', 'components': [], 'channel_type': 0, 'channel_id': '1383833761094963202', 'author': {'username': 'tanyafinwiz', 'public_flags': 0, 'primary_guild': None, 'id': '1383826608405614593', 'global_name': None, 'discriminator': '6952', 'collectibles': None, 'clan': None, 'bot': True, 'avatar_decoration_data': None, 'avatar': None}, 'attachments': [], 'guild_id': '1383833760432132279'}}
[2025-06-16 19:05:57] [DEBUG   ] discord.client: Dispatching event socket_event_type
[2025-06-16 19:05:57] [DEBUG   ] discord.client: Dispatching event message
[2025-06-16 19:05:57] [DEBUG   ] discord.http: POST https://discord.com/api/v10/channels/1383833761094963202/messages with {"content":"Investing in stocks like BBRI and BBCA can be a viable option, but whether it's a good investment depends on various factors, including your financial goals, risk tolerance, and market conditions. \n\nThe concept of \"buy low and sell high\" is a fundamental principle of investing, but it's important to note that timing the market can be very challenging. The stochastic slow golden cross is a technical analysis indicator that some traders use to identify potential buy signals, but it is not foolproof and carries risks.\n\nBefore making any investment decisions, it's advisable to conduct thorough research, consider diversifying your portfolio, and possibly consult with a financial advisor. Remember that all investments carry risks, including the loss of principal.","components":[],"nonce":"10754704128217027687","enforce_nonce":true,"message_reference":{"message_id":1384141933982519296,"channel_id":1383833761094963202,"guild_id":1383833760432132279},"tts":false} has returned 200
[2025-06-16 19:05:57] [DEBUG   ] discord.http: POST https://discord.com/api/v10/channels/1383833761094963202/messages has received {'type': 19, 'content': 'Investing in stocks like BBRI and BBCA can be a viable option, but whether it\'s a good investment depends on various factors, including your financial goals, risk tolerance, and market conditions. \n\nThe concept of "buy low and sell high" is a fundamental principle of investing, but it\'s important to note that timing the market can be very challenging. The stochastic slow golden cross is a technical analysis indicator that some traders use to identify potential buy signals, but it is not foolproof and carries risks.\n\nBefore making any investment decisions, it\'s advisable to conduct thorough research, consider diversifying your portfolio, and possibly consult with a financial advisor. Remember that all investments carry risks, including the loss of principal.', 'mentions': [{'id': '751700665054789664', 'username': 'sleepyallover', 'avatar': '88940e81b630283f527d718ec9725496', 'discriminator': '0', 'public_flags': 0, 'flags': 0, 'banner': None, 'accent_color': None, 'global_name': 'sleepyallover', 'avatar_decoration_data': None, 'collectibles': None, 'banner_color': None, 'clan': None, 'primary_guild': None}], 'mention_roles': [], 'attachments': [], 'embeds': [], 'timestamp': '2025-06-16T12:05:57.799000+00:00', 'edited_timestamp': None, 'flags': 0, 'components': [], 'id': '1384141953376981032', 'channel_id': '1383833761094963202', 'author': {'id': '1383826608405614593', 'username': 'tanyafinwiz', 'avatar': None, 'discriminator': '6952', 'public_flags': 0, 'flags': 0, 'bot': True, 'banner': None, 'accent_color': None, 'global_name': None, 'avatar_decoration_data': None, 'collectibles': None, 'banner_color': None, 'clan': None, 'primary_guild': None}, 'pinned': False, 'mention_everyone': False, 'tts': False, 'nonce': '10754704128217027687', 'message_reference': {'type': 0, 'channel_id': '1383833761094963202', 'message_id': '1384141933982519296', 'guild_id': '1383833760432132279'}, 'referenced_message': {'type': 0, 'content': 'is that true <@1383826608405614593> ?', 'mentions': [{'id': '1383826608405614593', 'username': 'tanyafinwiz', 'avatar': None, 'discriminator': '6952', 'public_flags': 0, 'flags': 0, 'bot': True, 'banner': None, 'accent_color': None, 'global_name': None, 'avatar_decoration_data': None, 'collectibles': None, 'banner_color': None, 'clan': None, 'primary_guild': None}], 'mention_roles': [], 'attachments': [], 'embeds': [], 'timestamp': '2025-06-16T12:05:53.175000+00:00', 'edited_timestamp': None, 'flags': 0, 'components': [], 'id': '1384141933982519296', 'channel_id': '1383833761094963202', 'author': {'id': '751700665054789664', 'username': 'sleepyallover', 'avatar': '88940e81b630283f527d718ec9725496', 'discriminator': '0', 'public_flags': 0, 'flags': 0, 'banner': None, 'accent_color': None, 'global_name': 'sleepyallover', 'avatar_decoration_data': None, 'collectibles': None, 'banner_color': None, 'clan': None, 'primary_guild': None}, 'pinned': False, 'mention_everyone': False, 'tts': False}}
[2025-06-16 19:06:21] [DEBUG   ] discord.gateway: Keeping shard ID None websocket alive with sequence 21.
[2025-06-16 19:06:22] [DEBUG   ] discord.gateway: For Shard ID None: WebSocket Event: {'t': None, 's': None, 'op': 11, 'd': None}
[2025-06-16 19:07:03] [DEBUG   ] discord.gateway: Keeping shard ID None websocket alive with sequence 21.
[2025-06-16 19:07:03] [DEBUG   ] discord.gateway: For Shard ID None: WebSocket Event: {'t': None, 's': None, 'op': 11, 'd': None}
[2025-06-16 19:07:44] [DEBUG   ] discord.gateway: Keeping shard ID None websocket alive with sequence 21.
[2025-06-16 19:07:44] [DEBUG   ] discord.gateway: For Shard ID None: WebSocket Event: {'t': None, 's': None, 'op': 11, 'd': None}
[2025-06-16 19:08:25] [DEBUG   ] discord.gateway: Keeping shard ID None websocket alive with sequence 21.
[2025-06-16 19:08:26] [DEBUG   ] discord.gateway: For Shard ID None: WebSocket Event: {'t': None, 's': None, 'op': 11, 'd': None}
[2025-06-16 19:08:37] [DEBUG   ] discord.gateway: For Shard ID None: WebSocket Event: {'t': 'MESSAGE_CREATE', 's': 22, 'op': 0, 'd': {'type': 0, 'tts': False, 'timestamp': '2025-06-16T12:08:38.525000+00:00', 'pinned': False, 'nonce': '1384142623073107968', 'mentions': [], 'mention_roles': [], 'mention_everyone': False, 'member': {'roles': ['1383843892092211301'], 'premium_since': None, 'pending': False, 'nick': None, 'mute': False, 'joined_at': '2025-06-15T15:41:18.918000+00:00', 'flags': 0, 'deaf': False, 'communication_disabled_until': None, 'banner': None, 'avatar': None}, 'id': '1384142627510812814', 'flags': 0, 'embeds': [], 'edited_timestamp': None, 'content': '!clear', 'components': [], 'channel_type': 0, 'channel_id': '1383833761094963202', 'author': {'username': 'sleepyallover', 'public_flags': 0, 'primary_guild': None, 'id': '751700665054789664', 'global_name': 'sleepyallover', 'discriminator': '0', 'collectibles': None, 'clan': None, 'avatar_decoration_data': None, 'avatar': '88940e81b630283f527d718ec9725496'}, 'attachments': [], 'guild_id': '1383833760432132279'}}
[2025-06-16 19:08:37] [DEBUG   ] discord.client: Dispatching event socket_event_type
[2025-06-16 19:08:37] [DEBUG   ] discord.client: Dispatching event message
[2025-06-16 19:08:37] [DEBUG   ] discord.client: Dispatching event command_error
[2025-06-16 19:08:37] [ERROR   ] discord.ext.commands.bot: Ignoring exception in command None
discord.ext.commands.errors.CommandNotFound: Command "clear" is not found
[2025-06-16 19:08:50] [DEBUG   ] discord.gateway: For Shard ID None: WebSocket Event: {'t': 'TYPING_START', 's': 23, 'op': 0, 'd': {'user_id': '751700665054789664', 'timestamp': 1750075731, 'member': {'user': {'username': 'sleepyallover', 'public_flags': 0, 'primary_guild': None, 'id': '751700665054789664', 'global_name': 'sleepyallover', 'display_name': 'sleepyallover', 'discriminator': '0', 'collectibles': None, 'bot': False, 'avatar_decoration_data': None, 'avatar': '88940e81b630283f527d718ec9725496'}, 'roles': ['1383843892092211301'], 'premium_since': None, 'pending': False, 'nick': None, 'mute': False, 'joined_at': '2025-06-15T15:41:18.918000+00:00', 'flags': 0, 'deaf': False, 'communication_disabled_until': None, 'banner': None, 'avatar': None}, 'channel_id': '1383833761094963202', 'guild_id': '1383833760432132279'}}
[2025-06-16 19:08:50] [DEBUG   ] discord.client: Dispatching event socket_event_type
[2025-06-16 19:08:50] [DEBUG   ] discord.client: Dispatching event typing
[2025-06-16 19:08:50] [DEBUG   ] discord.client: Dispatching event raw_typing
[2025-06-16 19:08:51] [DEBUG   ] discord.gateway: For Shard ID None: WebSocket Event: {'t': 'MESSAGE_CREATE', 's': 24, 'op': 0, 'd': {'type': 0, 'tts': False, 'timestamp': '2025-06-16T12:08:51.693000+00:00', 'pinned': False, 'nonce': '1384142678274342912', 'mentions': [], 'mention_roles': [], 'mention_everyone': False, 'member': {'roles': ['1383843892092211301'], 'premium_since': None, 'pending': False, 'nick': None, 'mute': False, 'joined_at': '2025-06-15T15:41:18.918000+00:00', 'flags': 0, 'deaf': False, 'communication_disabled_until': None, 'banner': None, 'avatar': None}, 'id': '1384142682741280779', 'flags': 0, 'embeds': [], 'edited_timestamp': None, 'content': '!clear_context', 'components': [], 'channel_type': 0, 'channel_id': '1383833761094963202', 'author': {'username': 'sleepyallover', 'public_flags': 0, 'primary_guild': None, 'id': '751700665054789664', 'global_name': 'sleepyallover', 'discriminator': '0', 'collectibles': None, 'clan': None, 'avatar_decoration_data': None, 'avatar': '88940e81b630283f527d718ec9725496'}, 'attachments': [], 'guild_id': '1383833760432132279'}}
[2025-06-16 19:08:51] [DEBUG   ] discord.client: Dispatching event socket_event_type
[2025-06-16 19:08:51] [DEBUG   ] discord.client: Dispatching event message
[2025-06-16 19:08:51] [DEBUG   ] discord.client: Dispatching event command
[2025-06-16 19:08:51] [DEBUG   ] discord.gateway: For Shard ID None: WebSocket Event: {'t': 'MESSAGE_CREATE', 's': 25, 'op': 0, 'd': {'type': 0, 'tts': False, 'timestamp': '2025-06-16T12:08:52.097000+00:00', 'pinned': False, 'nonce': '2848272876000440582', 'mentions': [], 'mention_roles': [], 'mention_everyone': False, 'member': {'roles': ['1383834161923489836'], 'premium_since': None, 'pending': False, 'nick': None, 'mute': False, 'joined_at': '2025-06-15T15:42:54.674000+00:00', 'flags': 0, 'deaf': False, 'communication_disabled_until': None, 'banner': None, 'avatar': None}, 'id': '1384142684435779675', 'flags': 0, 'embeds': [], 'edited_timestamp': None, 'content': 'Context cleared for this channel!', 'components': [], 'channel_type': 0, 'channel_id': '1383833761094963202', 'author': {'username': 'tanyafinwiz', 'public_flags': 0, 'primary_guild': None, 'id': '1383826608405614593', 'global_name': None, 'discriminator': '6952', 'collectibles': None, 'clan': None, 'bot': True, 'avatar_decoration_data': None, 'avatar': None}, 'attachments': [], 'guild_id': '1383833760432132279'}}
[2025-06-16 19:08:51] [DEBUG   ] discord.client: Dispatching event socket_event_type
[2025-06-16 19:08:51] [DEBUG   ] discord.client: Dispatching event message
[2025-06-16 19:08:51] [DEBUG   ] discord.http: POST https://discord.com/api/v10/channels/1383833761094963202/messages with {"content":"Context cleared for this channel!","components":[],"nonce":"2848272876000440582","enforce_nonce":true,"tts":false} has returned 200
[2025-06-16 19:08:51] [DEBUG   ] discord.http: POST https://discord.com/api/v10/channels/1383833761094963202/messages has received {'type': 0, 'content': 'Context cleared for this channel!', 'mentions': [], 'mention_roles': [], 'attachments': [], 'embeds': [], 'timestamp': '2025-06-16T12:08:52.097000+00:00', 'edited_timestamp': None, 'flags': 0, 'components': [], 'id': '1384142684435779675', 'channel_id': '1383833761094963202', 'author': {'id': '1383826608405614593', 'username': 'tanyafinwiz', 'avatar': None, 'discriminator': '6952', 'public_flags': 0, 'flags': 0, 'bot': True, 'banner': None, 'accent_color': None, 'global_name': None, 'avatar_decoration_data': None, 'collectibles': None, 'banner_color': None, 'clan': None, 'primary_guild': None}, 'pinned': False, 'mention_everyone': False, 'tts': False, 'nonce': '2848272876000440582'}
[2025-06-16 19:08:51] [DEBUG   ] discord.client: Dispatching event command_completion
[2025-06-16 19:08:57] [DEBUG   ] discord.gateway: For Shard ID None: WebSocket Event: {'t': 'TYPING_START', 's': 26, 'op': 0, 'd': {'user_id': '751700665054789664', 'timestamp': 1750075738, 'member': {'user': {'username': 'sleepyallover', 'public_flags': 0, 'primary_guild': None, 'id': '751700665054789664', 'global_name': 'sleepyallover', 'display_name': 'sleepyallover', 'discriminator': '0', 'collectibles': None, 'bot': False, 'avatar_decoration_data': None, 'avatar': '88940e81b630283f527d718ec9725496'}, 'roles': ['1383843892092211301'], 'premium_since': None, 'pending': False, 'nick': None, 'mute': False, 'joined_at': '2025-06-15T15:41:18.918000+00:00', 'flags': 0, 'deaf': False, 'communication_disabled_until': None, 'banner': None, 'avatar': None}, 'channel_id': '1383833761094963202', 'guild_id': '1383833760432132279'}}
[2025-06-16 19:08:57] [DEBUG   ] discord.client: Dispatching event socket_event_type
[2025-06-16 19:08:57] [DEBUG   ] discord.client: Dispatching event typing
[2025-06-16 19:08:57] [DEBUG   ] discord.client: Dispatching event raw_typing
[2025-06-16 19:09:05] [DEBUG   ] discord.gateway: For Shard ID None: WebSocket Event: {'t': 'TYPING_START', 's': 27, 'op': 0, 'd': {'user_id': '751700665054789664', 'timestamp': 1750075746, 'member': {'user': {'username': 'sleepyallover', 'public_flags': 0, 'primary_guild': None, 'id': '751700665054789664', 'global_name': 'sleepyallover', 'display_name': 'sleepyallover', 'discriminator': '0', 'collectibles': None, 'bot': False, 'avatar_decoration_data': None, 'avatar': '88940e81b630283f527d718ec9725496'}, 'roles': ['1383843892092211301'], 'premium_since': None, 'pending': False, 'nick': None, 'mute': False, 'joined_at': '2025-06-15T15:41:18.918000+00:00', 'flags': 0, 'deaf': False, 'communication_disabled_until': None, 'banner': None, 'avatar': None}, 'channel_id': '1383833761094963202', 'guild_id': '1383833760432132279'}}
[2025-06-16 19:09:05] [DEBUG   ] discord.client: Dispatching event socket_event_type
[2025-06-16 19:09:05] [DEBUG   ] discord.client: Dispatching event typing
[2025-06-16 19:09:05] [DEBUG   ] discord.client: Dispatching event raw_typing
[2025-06-16 19:09:07] [DEBUG   ] discord.gateway: Keeping shard ID None websocket alive with sequence 27.
[2025-06-16 19:09:07] [DEBUG   ] discord.gateway: For Shard ID None: WebSocket Event: {'t': None, 's': None, 'op': 11, 'd': None}
[2025-06-16 19:09:11] [DEBUG   ] discord.gateway: For Shard ID None: WebSocket Event: {'t': 'MESSAGE_CREATE', 's': 28, 'op': 0, 'd': {'type': 0, 'tts': False, 'timestamp': '2025-06-16T12:09:11.984000+00:00', 'pinned': False, 'nonce': '1384142763066392576', 'mentions': [{'username': 'tanyafinwiz', 'public_flags': 0, 'primary_guild': None, 'member': {'roles': ['1383834161923489836'], 'premium_since': None, 'pending': False, 'nick': None, 'mute': False, 'joined_at': '2025-06-15T15:42:54.674000+00:00', 'flags': 0, 'deaf': False, 'communication_disabled_until': None, 'banner': None, 'avatar': None}, 'id': '1383826608405614593', 'global_name': None, 'discriminator': '6952', 'collectibles': None, 'clan': None, 'bot': True, 'avatar_decoration_data': None, 'avatar': None}], 'mention_roles': [], 'mention_everyone': False, 'member': {'roles': ['1383843892092211301'], 'premium_since': None, 'pending': False, 'nick': None, 'mute': False, 'joined_at': '2025-06-15T15:41:18.918000+00:00', 'flags': 0, 'deaf': False, 'communication_disabled_until': None, 'banner': None, 'avatar': None}, 'id': '1384142767848034485', 'flags': 0, 'embeds': [], 'edited_timestamp': None, 'content': 'what would you say a good sneaker for work? <@1383826608405614593>', 'components': [], 'channel_type': 0, 'channel_id': '1383833761094963202', 'author': {'username': 'sleepyallover', 'public_flags': 0, 'primary_guild': None, 'id': '751700665054789664', 'global_name': 'sleepyallover', 'discriminator': '0', 'collectibles': None, 'clan': None, 'avatar_decoration_data': None, 'avatar': '88940e81b630283f527d718ec9725496'}, 'attachments': [], 'guild_id': '1383833760432132279'}}
[2025-06-16 19:09:11] [DEBUG   ] discord.client: Dispatching event socket_event_type
[2025-06-16 19:09:11] [DEBUG   ] discord.client: Dispatching event message
[2025-06-16 19:09:11] [DEBUG   ] discord.gateway: For Shard ID None: WebSocket Event: {'t': 'TYPING_START', 's': 29, 'op': 0, 'd': {'user_id': '1383826608405614593', 'timestamp': 1750075752, 'member': {'user': {'username': 'tanyafinwiz', 'public_flags': 0, 'primary_guild': None, 'id': '1383826608405614593', 'global_name': None, 'display_name': None, 'discriminator': '6952', 'collectibles': None, 'bot': True, 'avatar_decoration_data': None, 'avatar': None}, 'roles': ['1383834161923489836'], 'premium_since': None, 'pending': False, 'nick': None, 'mute': False, 'joined_at': '2025-06-15T15:42:54.674000+00:00', 'flags': 0, 'deaf': False, 'communication_disabled_until': None, 'banner': None, 'avatar': None}, 'channel_id': '1383833761094963202', 'guild_id': '1383833760432132279'}}
[2025-06-16 19:09:11] [DEBUG   ] discord.client: Dispatching event socket_event_type
[2025-06-16 19:09:11] [DEBUG   ] discord.client: Dispatching event typing
[2025-06-16 19:09:11] [DEBUG   ] discord.client: Dispatching event raw_typing
[2025-06-16 19:09:11] [DEBUG   ] discord.http: POST https://discord.com/api/v10/channels/1383833761094963202/typing with None has returned 204
[2025-06-16 19:09:11] [DEBUG   ] discord.http: POST https://discord.com/api/v10/channels/1383833761094963202/typing has received 
[2025-06-16 19:09:14] [DEBUG   ] discord.gateway: For Shard ID None: WebSocket Event: {'t': 'MESSAGE_CREATE', 's': 30, 'op': 0, 'd': {'type': 19, 'tts': False, 'timestamp': '2025-06-16T12:09:15.189000+00:00', 'referenced_message': {'type': 0, 'tts': False, 'timestamp': '2025-06-16T12:09:11.984000+00:00', 'pinned': False, 'mentions': [{'username': 'tanyafinwiz', 'public_flags': 0, 'primary_guild': None, 'id': '1383826608405614593', 'global_name': None, 'discriminator': '6952', 'collectibles': None, 'clan': None, 'bot': True, 'avatar_decoration_data': None, 'avatar': None}], 'mention_roles': [], 'mention_everyone': False, 'id': '1384142767848034485', 'flags': 0, 'embeds': [], 'edited_timestamp': None, 'content': 'what would you say a good sneaker for work? <@1383826608405614593>', 'components': [], 'channel_id': '1383833761094963202', 'author': {'username': 'sleepyallover', 'public_flags': 0, 'primary_guild': None, 'id': '751700665054789664', 'global_name': 'sleepyallover', 'discriminator': '0', 'collectibles': None, 'clan': None, 'avatar_decoration_data': None, 'avatar': '88940e81b630283f527d718ec9725496'}, 'attachments': []}, 'pinned': False, 'nonce': '10277089981467321200', 'message_reference': {'type': 0, 'message_id': '1384142767848034485', 'guild_id': '1383833760432132279', 'channel_id': '1383833761094963202'}, 'mentions': [{'username': 'sleepyallover', 'public_flags': 0, 'primary_guild': None, 'member': {'roles': ['1383843892092211301'], 'premium_since': None, 'pending': False, 'nick': None, 'mute': False, 'joined_at': '2025-06-15T15:41:18.918000+00:00', 'flags': 0, 'deaf': False, 'communication_disabled_until': None, 'banner': None, 'avatar': None}, 'id': '751700665054789664', 'global_name': 'sleepyallover', 'discriminator': '0', 'collectibles': None, 'clan': None, 'avatar_decoration_data': None, 'avatar': '88940e81b630283f527d718ec9725496'}], 'mention_roles': [], 'mention_everyone': False, 'member': {'roles': ['1383834161923489836'], 'premium_since': None, 'pending': False, 'nick': None, 'mute': False, 'joined_at': '2025-06-15T15:42:54.674000+00:00', 'flags': 0, 'deaf': False, 'communication_disabled_until': None, 'banner': None, 'avatar': None}, 'id': '1384142781290909826', 'flags': 0, 'embeds': [], 'edited_timestamp': None, 'content': "I don't know. My expertise is focused on financial topics, so I can't provide recommendations for sneakers or work attire. If you have any questions about financial literacy or related subjects, feel free to ask!", 'components': [], 'channel_type': 0, 'channel_id': '1383833761094963202', 'author': {'username': 'tanyafinwiz', 'public_flags': 0, 'primary_guild': None, 'id': '1383826608405614593', 'global_name': None, 'discriminator': '6952', 'collectibles': None, 'clan': None, 'bot': True, 'avatar_decoration_data': None, 'avatar': None}, 'attachments': [], 'guild_id': '1383833760432132279'}}
[2025-06-16 19:09:14] [DEBUG   ] discord.client: Dispatching event socket_event_type
[2025-06-16 19:09:14] [DEBUG   ] discord.client: Dispatching event message
[2025-06-16 19:09:14] [DEBUG   ] discord.http: POST https://discord.com/api/v10/channels/1383833761094963202/messages with {"content":"I don't know. My expertise is focused on financial topics, so I can't provide recommendations for sneakers or work attire. If you have any questions about financial literacy or related subjects, feel free to ask!","components":[],"nonce":"10277089981467321200","enforce_nonce":true,"message_reference":{"message_id":1384142767848034485,"channel_id":1383833761094963202,"guild_id":1383833760432132279},"tts":false} has returned 200
[2025-06-16 19:09:14] [DEBUG   ] discord.http: POST https://discord.com/api/v10/channels/1383833761094963202/messages has received {'type': 19, 'content': "I don't know. My expertise is focused on financial topics, so I can't provide recommendations for sneakers or work attire. If you have any questions about financial literacy or related subjects, feel free to ask!", 'mentions': [{'id': '751700665054789664', 'username': 'sleepyallover', 'avatar': '88940e81b630283f527d718ec9725496', 'discriminator': '0', 'public_flags': 0, 'flags': 0, 'banner': None, 'accent_color': None, 'global_name': 'sleepyallover', 'avatar_decoration_data': None, 'collectibles': None, 'banner_color': None, 'clan': None, 'primary_guild': None}], 'mention_roles': [], 'attachments': [], 'embeds': [], 'timestamp': '2025-06-16T12:09:15.189000+00:00', 'edited_timestamp': None, 'flags': 0, 'components': [], 'id': '1384142781290909826', 'channel_id': '1383833761094963202', 'author': {'id': '1383826608405614593', 'username': 'tanyafinwiz', 'avatar': None, 'discriminator': '6952', 'public_flags': 0, 'flags': 0, 'bot': True, 'banner': None, 'accent_color': None, 'global_name': None, 'avatar_decoration_data': None, 'collectibles': None, 'banner_color': None, 'clan': None, 'primary_guild': None}, 'pinned': False, 'mention_everyone': False, 'tts': False, 'nonce': '10277089981467321200', 'message_reference': {'type': 0, 'channel_id': '1383833761094963202', 'message_id': '1384142767848034485', 'guild_id': '1383833760432132279'}, 'referenced_message': {'type': 0, 'content': 'what would you say a good sneaker for work? <@1383826608405614593>', 'mentions': [{'id': '1383826608405614593', 'username': 'tanyafinwiz', 'avatar': None, 'discriminator': '6952', 'public_flags': 0, 'flags': 0, 'bot': True, 'banner': None, 'accent_color': None, 'global_name': None, 'avatar_decoration_data': None, 'collectibles': None, 'banner_color': None, 'clan': None, 'primary_guild': None}], 'mention_roles': [], 'attachments': [], 'embeds': [], 'timestamp': '2025-06-16T12:09:11.984000+00:00', 'edited_timestamp': None, 'flags': 0, 'components': [], 'id': '1384142767848034485', 'channel_id': '1383833761094963202', 'author': {'id': '751700665054789664', 'username': 'sleepyallover', 'avatar': '88940e81b630283f527d718ec9725496', 'discriminator': '0', 'public_flags': 0, 'flags': 0, 'banner': None, 'accent_color': None, 'global_name': 'sleepyallover', 'avatar_decoration_data': None, 'collectibles': None, 'banner_color': None, 'clan': None, 'primary_guild': None}, 'pinned': False, 'mention_everyone': False, 'tts': False}}
[2025-06-16 19:09:48] [DEBUG   ] discord.gateway: Keeping shard ID None websocket alive with sequence 30.
[2025-06-16 19:09:48] [DEBUG   ] discord.gateway: For Shard ID None: WebSocket Event: {'t': None, 's': None, 'op': 11, 'd': None}
[2025-06-16 19:10:29] [DEBUG   ] discord.gateway: Keeping shard ID None websocket alive with sequence 30.
[2025-06-16 19:10:29] [DEBUG   ] discord.gateway: For Shard ID None: WebSocket Event: {'t': None, 's': None, 'op': 11, 'd': None}
[2025-06-16 19:11:10] [DEBUG   ] discord.gateway: Keeping shard ID None websocket alive with sequence 30.
[2025-06-16 19:11:11] [DEBUG   ] discord.gateway: For Shard ID None: WebSocket Event: {'t': None, 's': None, 'op': 11, 'd': None}
[2025-06-16 19:11:52] [DEBUG   ] discord.gateway: Keeping shard ID None websocket alive with sequence 30.
[2025-06-16 19:11:52] [DEBUG   ] discord.gateway: For Shard ID None: WebSocket Event: {'t': None, 's': None, 'op': 11, 'd': None}
[2025-06-16 19:12:33] [DEBUG   ] discord.gateway: Keeping shard ID None websocket alive with sequence 30.
[2025-06-16 19:12:33] [DEBUG   ] discord.gateway: For Shard ID None: WebSocket Event: {'t': None, 's': None, 'op': 11, 'd': None}
[2025-06-16 19:13:14] [DEBUG   ] discord.gateway: Keeping shard ID None websocket alive with sequence 30.
[2025-06-16 19:13:14] [DEBUG   ] discord.gateway: For Shard ID None: WebSocket Event: {'t': None, 's': None, 'op': 11, 'd': None}
[2025-06-16 19:15:10] [DEBUG   ] discord.gateway: Timed out receiving packet. Attempting a reconnect.
[2025-06-16 19:15:10] [DEBUG   ] discord.client: Got a request to RESUME the websocket.
[2025-06-16 19:15:10] [DEBUG   ] discord.client: Dispatching event disconnect
[2025-06-16 19:15:10] [DEBUG   ] discord.client: Dispatching event disconnect
[2025-06-16 19:15:10] [ERROR   ] discord.client: Attempting a reconnect in 0.65s
Traceback (most recent call last):
  File "c:\Users\ramaf\AppData\Local\Programs\Python\Python313\Lib\site-packages\aiohttp\connector.py", line 1512, in _create_direct_connection
    hosts = await self._resolve_host(host, port, traces=traces)
            ^^^^^^^^^^^^^^^^^^^^^^^^^^^^^^^^^^^^^^^^^^^^^^^^^^^
  File "c:\Users\ramaf\AppData\Local\Programs\Python\Python313\Lib\site-packages\aiohttp\connector.py", line 1128, in _resolve_host
    return await asyncio.shield(resolved_host_task)
           ^^^^^^^^^^^^^^^^^^^^^^^^^^^^^^^^^^^^^^^^
  File "c:\Users\ramaf\AppData\Local\Programs\Python\Python313\Lib\site-packages\aiohttp\connector.py", line 1159, in _resolve_host_with_throttle
    addrs = await self._resolver.resolve(host, port, family=self._family)
            ^^^^^^^^^^^^^^^^^^^^^^^^^^^^^^^^^^^^^^^^^^^^^^^^^^^^^^^^^^^^^
  File "c:\Users\ramaf\AppData\Local\Programs\Python\Python313\Lib\site-packages\aiohttp\resolver.py", line 40, in resolve
    infos = await self._loop.getaddrinfo(
            ^^^^^^^^^^^^^^^^^^^^^^^^^^^^^
    ...<5 lines>...
    )
    ^
  File "c:\Users\ramaf\AppData\Local\Programs\Python\Python313\Lib\asyncio\base_events.py", line 939, in getaddrinfo
    return await self.run_in_executor(
           ^^^^^^^^^^^^^^^^^^^^^^^^^^^
        None, getaddr_func, host, port, family, type, proto, flags)
        ^^^^^^^^^^^^^^^^^^^^^^^^^^^^^^^^^^^^^^^^^^^^^^^^^^^^^^^^^^^
  File "c:\Users\ramaf\AppData\Local\Programs\Python\Python313\Lib\concurrent\futures\thread.py", line 59, in run
    result = self.fn(*self.args, **self.kwargs)
  File "c:\Users\ramaf\AppData\Local\Programs\Python\Python313\Lib\socket.py", line 977, in getaddrinfo
    for res in _socket.getaddrinfo(host, port, family, type, proto, flags):
               ~~~~~~~~~~~~~~~~~~~^^^^^^^^^^^^^^^^^^^^^^^^^^^^^^^^^^^^^^^^
socket.gaierror: [Errno 11004] getaddrinfo failed

The above exception was the direct cause of the following exception:

Traceback (most recent call last):
  File "c:\Users\ramaf\AppData\Local\Programs\Python\Python313\Lib\site-packages\discord\client.py", line 701, in connect
    self.ws = await asyncio.wait_for(coro, timeout=60.0)
              ^^^^^^^^^^^^^^^^^^^^^^^^^^^^^^^^^^^^^^^^^^
  File "c:\Users\ramaf\AppData\Local\Programs\Python\Python313\Lib\asyncio\tasks.py", line 507, in wait_for
    return await fut
           ^^^^^^^^^
  File "c:\Users\ramaf\AppData\Local\Programs\Python\Python313\Lib\site-packages\discord\gateway.py", line 375, in from_client
    socket = await client.http.ws_connect(str(url))
             ^^^^^^^^^^^^^^^^^^^^^^^^^^^^^^^^^^^^^^
  File "c:\Users\ramaf\AppData\Local\Programs\Python\Python313\Lib\site-packages\discord\http.py", line 554, in ws_connect
    return await self.__session.ws_connect(url, **kwargs)
           ^^^^^^^^^^^^^^^^^^^^^^^^^^^^^^^^^^^^^^^^^^^^^^
  File "c:\Users\ramaf\AppData\Local\Programs\Python\Python313\Lib\site-packages\aiohttp\client.py", line 1061, in _ws_connect
    resp = await self.request(
           ^^^^^^^^^^^^^^^^^^^
    ...<11 lines>...
    )
    ^
  File "c:\Users\ramaf\AppData\Local\Programs\Python\Python313\Lib\site-packages\aiohttp\client.py", line 770, in _request
    resp = await handler(req)
           ^^^^^^^^^^^^^^^^^^
  File "c:\Users\ramaf\AppData\Local\Programs\Python\Python313\Lib\site-packages\aiohttp\client.py", line 725, in _connect_and_send_request
    conn = await self._connector.connect(
           ^^^^^^^^^^^^^^^^^^^^^^^^^^^^^^
        req, traces=traces, timeout=real_timeout
        ^^^^^^^^^^^^^^^^^^^^^^^^^^^^^^^^^^^^^^^^
    )
    ^
  File "c:\Users\ramaf\AppData\Local\Programs\Python\Python313\Lib\site-packages\aiohttp\connector.py", line 622, in connect
    proto = await self._create_connection(req, traces, timeout)
            ^^^^^^^^^^^^^^^^^^^^^^^^^^^^^^^^^^^^^^^^^^^^^^^^^^^
  File "c:\Users\ramaf\AppData\Local\Programs\Python\Python313\Lib\site-packages\aiohttp\connector.py", line 1189, in _create_connection
    _, proto = await self._create_direct_connection(req, traces, timeout)
               ^^^^^^^^^^^^^^^^^^^^^^^^^^^^^^^^^^^^^^^^^^^^^^^^^^^^^^^^^^
  File "c:\Users\ramaf\AppData\Local\Programs\Python\Python313\Lib\site-packages\aiohttp\connector.py", line 1518, in _create_direct_connection
    raise ClientConnectorDNSError(req.connection_key, exc) from exc
aiohttp.client_exceptions.ClientConnectorDNSError: Cannot connect to host gateway-us-east1-d.discord.gg:443 ssl:default [getaddrinfo failed]
[2025-06-16 19:15:11] [DEBUG   ] discord.client: Dispatching event disconnect
[2025-06-16 19:15:11] [ERROR   ] discord.client: Attempting a reconnect in 3.67s
Traceback (most recent call last):
  File "c:\Users\ramaf\AppData\Local\Programs\Python\Python313\Lib\site-packages\aiohttp\connector.py", line 1512, in _create_direct_connection
    hosts = await self._resolve_host(host, port, traces=traces)
            ^^^^^^^^^^^^^^^^^^^^^^^^^^^^^^^^^^^^^^^^^^^^^^^^^^^
  File "c:\Users\ramaf\AppData\Local\Programs\Python\Python313\Lib\site-packages\aiohttp\connector.py", line 1128, in _resolve_host
    return await asyncio.shield(resolved_host_task)
           ^^^^^^^^^^^^^^^^^^^^^^^^^^^^^^^^^^^^^^^^
  File "c:\Users\ramaf\AppData\Local\Programs\Python\Python313\Lib\site-packages\aiohttp\connector.py", line 1159, in _resolve_host_with_throttle
    addrs = await self._resolver.resolve(host, port, family=self._family)
            ^^^^^^^^^^^^^^^^^^^^^^^^^^^^^^^^^^^^^^^^^^^^^^^^^^^^^^^^^^^^^
  File "c:\Users\ramaf\AppData\Local\Programs\Python\Python313\Lib\site-packages\aiohttp\resolver.py", line 40, in resolve
    infos = await self._loop.getaddrinfo(
            ^^^^^^^^^^^^^^^^^^^^^^^^^^^^^
    ...<5 lines>...
    )
    ^
  File "c:\Users\ramaf\AppData\Local\Programs\Python\Python313\Lib\asyncio\base_events.py", line 939, in getaddrinfo
    return await self.run_in_executor(
           ^^^^^^^^^^^^^^^^^^^^^^^^^^^
        None, getaddr_func, host, port, family, type, proto, flags)
        ^^^^^^^^^^^^^^^^^^^^^^^^^^^^^^^^^^^^^^^^^^^^^^^^^^^^^^^^^^^
  File "c:\Users\ramaf\AppData\Local\Programs\Python\Python313\Lib\concurrent\futures\thread.py", line 59, in run
    result = self.fn(*self.args, **self.kwargs)
  File "c:\Users\ramaf\AppData\Local\Programs\Python\Python313\Lib\socket.py", line 977, in getaddrinfo
    for res in _socket.getaddrinfo(host, port, family, type, proto, flags):
               ~~~~~~~~~~~~~~~~~~~^^^^^^^^^^^^^^^^^^^^^^^^^^^^^^^^^^^^^^^^
socket.gaierror: [Errno 11004] getaddrinfo failed

The above exception was the direct cause of the following exception:

Traceback (most recent call last):
  File "c:\Users\ramaf\AppData\Local\Programs\Python\Python313\Lib\site-packages\discord\client.py", line 701, in connect
    self.ws = await asyncio.wait_for(coro, timeout=60.0)
              ^^^^^^^^^^^^^^^^^^^^^^^^^^^^^^^^^^^^^^^^^^
  File "c:\Users\ramaf\AppData\Local\Programs\Python\Python313\Lib\asyncio\tasks.py", line 507, in wait_for
    return await fut
           ^^^^^^^^^
  File "c:\Users\ramaf\AppData\Local\Programs\Python\Python313\Lib\site-packages\discord\gateway.py", line 375, in from_client
    socket = await client.http.ws_connect(str(url))
             ^^^^^^^^^^^^^^^^^^^^^^^^^^^^^^^^^^^^^^
  File "c:\Users\ramaf\AppData\Local\Programs\Python\Python313\Lib\site-packages\discord\http.py", line 554, in ws_connect
    return await self.__session.ws_connect(url, **kwargs)
           ^^^^^^^^^^^^^^^^^^^^^^^^^^^^^^^^^^^^^^^^^^^^^^
  File "c:\Users\ramaf\AppData\Local\Programs\Python\Python313\Lib\site-packages\aiohttp\client.py", line 1061, in _ws_connect
    resp = await self.request(
           ^^^^^^^^^^^^^^^^^^^
    ...<11 lines>...
    )
    ^
  File "c:\Users\ramaf\AppData\Local\Programs\Python\Python313\Lib\site-packages\aiohttp\client.py", line 770, in _request
    resp = await handler(req)
           ^^^^^^^^^^^^^^^^^^
  File "c:\Users\ramaf\AppData\Local\Programs\Python\Python313\Lib\site-packages\aiohttp\client.py", line 725, in _connect_and_send_request
    conn = await self._connector.connect(
           ^^^^^^^^^^^^^^^^^^^^^^^^^^^^^^
        req, traces=traces, timeout=real_timeout
        ^^^^^^^^^^^^^^^^^^^^^^^^^^^^^^^^^^^^^^^^
    )
    ^
  File "c:\Users\ramaf\AppData\Local\Programs\Python\Python313\Lib\site-packages\aiohttp\connector.py", line 622, in connect
    proto = await self._create_connection(req, traces, timeout)
            ^^^^^^^^^^^^^^^^^^^^^^^^^^^^^^^^^^^^^^^^^^^^^^^^^^^
  File "c:\Users\ramaf\AppData\Local\Programs\Python\Python313\Lib\site-packages\aiohttp\connector.py", line 1189, in _create_connection
    _, proto = await self._create_direct_connection(req, traces, timeout)
               ^^^^^^^^^^^^^^^^^^^^^^^^^^^^^^^^^^^^^^^^^^^^^^^^^^^^^^^^^^
  File "c:\Users\ramaf\AppData\Local\Programs\Python\Python313\Lib\site-packages\aiohttp\connector.py", line 1518, in _create_direct_connection
    raise ClientConnectorDNSError(req.connection_key, exc) from exc
aiohttp.client_exceptions.ClientConnectorDNSError: Cannot connect to host gateway-us-east1-d.discord.gg:443 ssl:default [getaddrinfo failed]
[2025-06-16 19:15:14] [DEBUG   ] discord.client: Dispatching event disconnect
[2025-06-16 19:15:14] [ERROR   ] discord.client: Attempting a reconnect in 5.23s
Traceback (most recent call last):
  File "c:\Users\ramaf\AppData\Local\Programs\Python\Python313\Lib\site-packages\aiohttp\connector.py", line 1512, in _create_direct_connection
    hosts = await self._resolve_host(host, port, traces=traces)
            ^^^^^^^^^^^^^^^^^^^^^^^^^^^^^^^^^^^^^^^^^^^^^^^^^^^
  File "c:\Users\ramaf\AppData\Local\Programs\Python\Python313\Lib\site-packages\aiohttp\connector.py", line 1128, in _resolve_host
    return await asyncio.shield(resolved_host_task)
           ^^^^^^^^^^^^^^^^^^^^^^^^^^^^^^^^^^^^^^^^
  File "c:\Users\ramaf\AppData\Local\Programs\Python\Python313\Lib\site-packages\aiohttp\connector.py", line 1159, in _resolve_host_with_throttle
    addrs = await self._resolver.resolve(host, port, family=self._family)
            ^^^^^^^^^^^^^^^^^^^^^^^^^^^^^^^^^^^^^^^^^^^^^^^^^^^^^^^^^^^^^
  File "c:\Users\ramaf\AppData\Local\Programs\Python\Python313\Lib\site-packages\aiohttp\resolver.py", line 40, in resolve
    infos = await self._loop.getaddrinfo(
            ^^^^^^^^^^^^^^^^^^^^^^^^^^^^^
    ...<5 lines>...
    )
    ^
  File "c:\Users\ramaf\AppData\Local\Programs\Python\Python313\Lib\asyncio\base_events.py", line 939, in getaddrinfo
    return await self.run_in_executor(
           ^^^^^^^^^^^^^^^^^^^^^^^^^^^
        None, getaddr_func, host, port, family, type, proto, flags)
        ^^^^^^^^^^^^^^^^^^^^^^^^^^^^^^^^^^^^^^^^^^^^^^^^^^^^^^^^^^^
  File "c:\Users\ramaf\AppData\Local\Programs\Python\Python313\Lib\concurrent\futures\thread.py", line 59, in run
    result = self.fn(*self.args, **self.kwargs)
  File "c:\Users\ramaf\AppData\Local\Programs\Python\Python313\Lib\socket.py", line 977, in getaddrinfo
    for res in _socket.getaddrinfo(host, port, family, type, proto, flags):
               ~~~~~~~~~~~~~~~~~~~^^^^^^^^^^^^^^^^^^^^^^^^^^^^^^^^^^^^^^^^
socket.gaierror: [Errno 11001] getaddrinfo failed

The above exception was the direct cause of the following exception:

Traceback (most recent call last):
  File "c:\Users\ramaf\AppData\Local\Programs\Python\Python313\Lib\site-packages\discord\client.py", line 701, in connect
    self.ws = await asyncio.wait_for(coro, timeout=60.0)
              ^^^^^^^^^^^^^^^^^^^^^^^^^^^^^^^^^^^^^^^^^^
  File "c:\Users\ramaf\AppData\Local\Programs\Python\Python313\Lib\asyncio\tasks.py", line 507, in wait_for
    return await fut
           ^^^^^^^^^
  File "c:\Users\ramaf\AppData\Local\Programs\Python\Python313\Lib\site-packages\discord\gateway.py", line 375, in from_client
    socket = await client.http.ws_connect(str(url))
             ^^^^^^^^^^^^^^^^^^^^^^^^^^^^^^^^^^^^^^
  File "c:\Users\ramaf\AppData\Local\Programs\Python\Python313\Lib\site-packages\discord\http.py", line 554, in ws_connect
    return await self.__session.ws_connect(url, **kwargs)
           ^^^^^^^^^^^^^^^^^^^^^^^^^^^^^^^^^^^^^^^^^^^^^^
  File "c:\Users\ramaf\AppData\Local\Programs\Python\Python313\Lib\site-packages\aiohttp\client.py", line 1061, in _ws_connect
    resp = await self.request(
           ^^^^^^^^^^^^^^^^^^^
    ...<11 lines>...
    )
    ^
  File "c:\Users\ramaf\AppData\Local\Programs\Python\Python313\Lib\site-packages\aiohttp\client.py", line 770, in _request
    resp = await handler(req)
           ^^^^^^^^^^^^^^^^^^
  File "c:\Users\ramaf\AppData\Local\Programs\Python\Python313\Lib\site-packages\aiohttp\client.py", line 725, in _connect_and_send_request
    conn = await self._connector.connect(
           ^^^^^^^^^^^^^^^^^^^^^^^^^^^^^^
        req, traces=traces, timeout=real_timeout
        ^^^^^^^^^^^^^^^^^^^^^^^^^^^^^^^^^^^^^^^^
    )
    ^
  File "c:\Users\ramaf\AppData\Local\Programs\Python\Python313\Lib\site-packages\aiohttp\connector.py", line 622, in connect
    proto = await self._create_connection(req, traces, timeout)
            ^^^^^^^^^^^^^^^^^^^^^^^^^^^^^^^^^^^^^^^^^^^^^^^^^^^
  File "c:\Users\ramaf\AppData\Local\Programs\Python\Python313\Lib\site-packages\aiohttp\connector.py", line 1189, in _create_connection
    _, proto = await self._create_direct_connection(req, traces, timeout)
               ^^^^^^^^^^^^^^^^^^^^^^^^^^^^^^^^^^^^^^^^^^^^^^^^^^^^^^^^^^
  File "c:\Users\ramaf\AppData\Local\Programs\Python\Python313\Lib\site-packages\aiohttp\connector.py", line 1518, in _create_direct_connection
    raise ClientConnectorDNSError(req.connection_key, exc) from exc
aiohttp.client_exceptions.ClientConnectorDNSError: Cannot connect to host gateway-us-east1-d.discord.gg:443 ssl:default [getaddrinfo failed]
[2025-06-16 19:51:35] [DEBUG   ] discord.gateway: Created websocket connected to wss://gateway-us-east1-d.discord.gg
[2025-06-16 19:51:35] [DEBUG   ] discord.gateway: For Shard ID None: WebSocket Event: {'t': None, 's': None, 'op': 10, 'd': {'heartbeat_interval': 41250, '_trace': ['["gateway-prd-us-east1-d-4sfr",{"micros":0.0}]']}}
[2025-06-16 19:51:35] [DEBUG   ] discord.gateway: Shard ID None has sent the RESUME payload.
[2025-06-16 19:51:36] [DEBUG   ] discord.gateway: For Shard ID None: WebSocket Event: {'t': None, 's': None, 'op': 11, 'd': None}
[2025-06-16 19:51:36] [DEBUG   ] discord.gateway: For Shard ID None: WebSocket Event: {'t': None, 's': None, 'op': 9, 'd': False}
[2025-06-16 19:51:36] [INFO    ] discord.gateway: Shard ID None session has been invalidated.
[2025-06-16 19:51:36] [DEBUG   ] discord.client: Got a request to IDENTIFY the websocket.
[2025-06-16 19:51:36] [DEBUG   ] discord.client: Dispatching event disconnect
[2025-06-16 19:51:36] [DEBUG   ] discord.gateway: Created websocket connected to wss://gateway-us-east1-d.discord.gg
[2025-06-16 19:51:36] [DEBUG   ] discord.gateway: For Shard ID None: WebSocket Event: {'t': None, 's': None, 'op': 10, 'd': {'heartbeat_interval': 41250, '_trace': ['["gateway-prd-us-east1-d-8wjn",{"micros":0.0}]']}}
